app/build/intermediates/manifest_merge_blame_file/debug/processDebugMainManifest/manifest-merger-blame-debug-report.txt
1<?xml version="1.0" encoding="utf-8"?>
2<manifest xmlns:android="http://schemas.android.com/apk/res/android"
3    package="dev.matejgroombridge.habittracker.debug"
4    android:versionCode="5"
5    android:versionName="0.4.0-debug" >
6
7    <uses-sdk
8        android:minSdkVersion="26"
9        android:targetSdkVersion="35" />
10
11    <!--
12         Add the permissions your specific app needs here. INTERNET is the most
13         common; the rest of these are commented placeholders.
14    -->
15    <!-- <uses-permission android:name="android.permission.INTERNET" /> -->
16
17
18    <!--
19         NFC permission is declared here mainly so the OS recognises this app
20         as an NFC handler. We don't actively read tags ourselves; instead, the
21         user writes a habit's `habittracker://habit/complete/<id>` URL onto a
22         tag with any tag-writer app. When tapped, Android delivers a VIEW
23         intent for that URL to NfcCompletionActivity below.
24    -->
25    <uses-permission android:name="android.permission.NFC" />
25-->src/main/AndroidManifest.xml:14:5-62
25-->src/main/AndroidManifest.xml:14:22-59
26
27    <permission
27-->[androidx.core:core:1.15.0] AndroidManifest.xml:22:5-24:47
28        android:name="dev.matejgroombridge.habittracker.debug.DYNAMIC_RECEIVER_NOT_EXPORTED_PERMISSION"
28-->[androidx.core:core:1.15.0] AndroidManifest.xml:23:9-81
29        android:protectionLevel="signature" />
29-->[androidx.core:core:1.15.0] AndroidManifest.xml:24:9-44
30
31    <uses-permission android:name="dev.matejgroombridge.habittracker.debug.DYNAMIC_RECEIVER_NOT_EXPORTED_PERMISSION" />
31-->[androidx.core:core:1.15.0] AndroidManifest.xml:26:5-97
31-->[androidx.core:core:1.15.0] AndroidManifest.xml:26:22-94
32
33    <application
33-->src/main/AndroidManifest.xml:16:5-73:19
34        android:allowBackup="true"
34-->src/main/AndroidManifest.xml:17:9-35
35        android:appComponentFactory="androidx.core.app.CoreComponentFactory"
35-->[androidx.core:core:1.15.0] AndroidManifest.xml:28:18-86
36        android:dataExtractionRules="@xml/data_extraction_rules"
36-->src/main/AndroidManifest.xml:18:9-65
37        android:debuggable="true"
38        android:enableOnBackInvokedCallback="true"
38-->src/main/AndroidManifest.xml:25:9-51
39        android:extractNativeLibs="false"
40        android:fullBackupContent="@xml/backup_rules"
40-->src/main/AndroidManifest.xml:19:9-54
41        android:icon="@mipmap/ic_launcher"
41-->src/main/AndroidManifest.xml:20:9-43
42        android:label="@string/app_name"
42-->src/main/AndroidManifest.xml:21:9-41
43        android:roundIcon="@mipmap/ic_launcher_round"
43-->src/main/AndroidManifest.xml:22:9-54
44        android:supportsRtl="true"
44-->src/main/AndroidManifest.xml:23:9-35
45        android:testOnly="true"
46        android:theme="@style/Theme.App" >
46-->src/main/AndroidManifest.xml:24:9-41
47        <activity
47-->src/main/AndroidManifest.xml:28:9-48:20
48            android:name="dev.matejgroombridge.habittracker.MainActivity"
48-->src/main/AndroidManifest.xml:29:13-41
49            android:exported="true"
49-->src/main/AndroidManifest.xml:30:13-36
50            android:theme="@style/Theme.App.Main" >
50-->src/main/AndroidManifest.xml:31:13-50
51            <intent-filter>
51-->src/main/AndroidManifest.xml:32:13-35:29
52                <action android:name="android.intent.action.MAIN" />
52-->src/main/AndroidManifest.xml:33:17-69
52-->src/main/AndroidManifest.xml:33:25-66
53
54                <category android:name="android.intent.category.LAUNCHER" />
54-->src/main/AndroidManifest.xml:34:17-77
54-->src/main/AndroidManifest.xml:34:27-74
55            </intent-filter>
56            <!--
57                 "Open the app to this habit" deep link, used when the NFC
58                 action is set to OpenApp. The activity inspects the intent
59                 data on startup and marks the habit complete.
60            -->
61            <intent-filter android:autoVerify="false" >
61-->src/main/AndroidManifest.xml:39:13-47:29
61-->src/main/AndroidManifest.xml:39:28-54
62                <action android:name="android.intent.action.VIEW" />
62-->src/main/AndroidManifest.xml:40:17-69
62-->src/main/AndroidManifest.xml:40:25-66
63
64                <category android:name="android.intent.category.DEFAULT" />
64-->src/main/AndroidManifest.xml:41:17-76
64-->src/main/AndroidManifest.xml:41:27-73
65                <category android:name="android.intent.category.BROWSABLE" />
65-->src/main/AndroidManifest.xml:42:17-78
65-->src/main/AndroidManifest.xml:42:27-75
66
67                <data
67-->src/main/AndroidManifest.xml:43:17-46:50
68                    android:host="habit"
68-->src/main/AndroidManifest.xml:45:21-41
69                    android:pathPrefix="/open"
69-->src/main/AndroidManifest.xml:46:21-47
70                    android:scheme="habittracker" />
70-->src/main/AndroidManifest.xml:44:21-50
71            </intent-filter>
72        </activity>
73
74        <!--
75             Receives the NFC tag's deep link, decides what to do based on the
76             user's NfcAction setting (background-complete / overlay / open
77             the app), and finishes itself. Themed transparent so the
78             "background" mode shows literally nothing on screen.
79        -->
80        <activity
80-->src/main/AndroidManifest.xml:54:9-71:20
81            android:name="dev.matejgroombridge.habittracker.nfc.NfcCompletionActivity"
81-->src/main/AndroidManifest.xml:55:13-54
82            android:excludeFromRecents="true"
82-->src/main/AndroidManifest.xml:58:13-46
83            android:exported="true"
83-->src/main/AndroidManifest.xml:56:13-36
84            android:launchMode="singleTask"
84-->src/main/AndroidManifest.xml:60:13-44
85            android:noHistory="true"
85-->src/main/AndroidManifest.xml:57:13-37
86            android:taskAffinity=""
86-->src/main/AndroidManifest.xml:59:13-36
87            android:theme="@style/Theme.App.Transparent" >
87-->src/main/AndroidManifest.xml:61:13-57
88            <intent-filter android:autoVerify="false" >
88-->src/main/AndroidManifest.xml:62:13-70:29
88-->src/main/AndroidManifest.xml:62:28-54
89                <action android:name="android.intent.action.VIEW" />
89-->src/main/AndroidManifest.xml:40:17-69
89-->src/main/AndroidManifest.xml:40:25-66
90
91                <category android:name="android.intent.category.DEFAULT" />
91-->src/main/AndroidManifest.xml:41:17-76
91-->src/main/AndroidManifest.xml:41:27-73
92                <category android:name="android.intent.category.BROWSABLE" />
92-->src/main/AndroidManifest.xml:42:17-78
92-->src/main/AndroidManifest.xml:42:27-75
93
94                <data
94-->src/main/AndroidManifest.xml:43:17-46:50
95                    android:host="habit"
95-->src/main/AndroidManifest.xml:45:21-41
96                    android:pathPrefix="/complete"
96-->src/main/AndroidManifest.xml:46:21-47
97                    android:scheme="habittracker" />
97-->src/main/AndroidManifest.xml:44:21-50
98            </intent-filter>
99        </activity>
100
101        <provider
101-->[androidx.emoji2:emoji2:1.3.0] AndroidManifest.xml:24:9-32:20
102            android:name="androidx.startup.InitializationProvider"
102-->[androidx.emoji2:emoji2:1.3.0] AndroidManifest.xml:25:13-67
103            android:authorities="dev.matejgroombridge.habittracker.debug.androidx-startup"
103-->[androidx.emoji2:emoji2:1.3.0] AndroidManifest.xml:26:13-68
104            android:exported="false" >
104-->[androidx.emoji2:emoji2:1.3.0] AndroidManifest.xml:27:13-37
105            <meta-data
105-->[androidx.emoji2:emoji2:1.3.0] AndroidManifest.xml:29:13-31:52
106                android:name="androidx.emoji2.text.EmojiCompatInitializer"
106-->[androidx.emoji2:emoji2:1.3.0] AndroidManifest.xml:30:17-75
107                android:value="androidx.startup" />
107-->[androidx.emoji2:emoji2:1.3.0] AndroidManifest.xml:31:17-49
108            <meta-data
108-->[androidx.lifecycle:lifecycle-process:2.8.7] AndroidManifest.xml:29:13-31:52
109                android:name="androidx.lifecycle.ProcessLifecycleInitializer"
109-->[androidx.lifecycle:lifecycle-process:2.8.7] AndroidManifest.xml:30:17-78
110                android:value="androidx.startup" />
110-->[androidx.lifecycle:lifecycle-process:2.8.7] AndroidManifest.xml:31:17-49
111            <meta-data
111-->[androidx.profileinstaller:profileinstaller:1.3.1] AndroidManifest.xml:29:13-31:52
112                android:name="androidx.profileinstaller.ProfileInstallerInitializer"
112-->[androidx.profileinstaller:profileinstaller:1.3.1] AndroidManifest.xml:30:17-85
113                android:value="androidx.startup" />
113-->[androidx.profileinstaller:profileinstaller:1.3.1] AndroidManifest.xml:31:17-49
114        </provider>
115
116        <activity
116-->[androidx.compose.ui:ui-tooling-android:1.7.6] AndroidManifest.xml:23:9-25:39
117            android:name="androidx.compose.ui.tooling.PreviewActivity"
117-->[androidx.compose.ui:ui-tooling-android:1.7.6] AndroidManifest.xml:24:13-71
118            android:exported="true" />
118-->[androidx.compose.ui:ui-tooling-android:1.7.6] AndroidManifest.xml:25:13-36
119
120        <receiver
120-->[androidx.profileinstaller:profileinstaller:1.3.1] AndroidManifest.xml:34:9-52:20
121            android:name="androidx.profileinstaller.ProfileInstallReceiver"
121-->[androidx.profileinstaller:profileinstaller:1.3.1] AndroidManifest.xml:35:13-76
122            android:directBootAware="false"
122-->[androidx.profileinstaller:profileinstaller:1.3.1] AndroidManifest.xml:36:13-44
123            android:enabled="true"
123-->[androidx.profileinstaller:profileinstaller:1.3.1] AndroidManifest.xml:37:13-35
124            android:exported="true"
124-->[androidx.profileinstaller:profileinstaller:1.3.1] AndroidManifest.xml:38:13-36
125            android:permission="android.permission.DUMP" >
125-->[androidx.profileinstaller:profileinstaller:1.3.1] AndroidManifest.xml:39:13-57
126            <intent-filter>
126-->[androidx.profileinstaller:profileinstaller:1.3.1] AndroidManifest.xml:40:13-42:29
127                <action android:name="androidx.profileinstaller.action.INSTALL_PROFILE" />
127-->[androidx.profileinstaller:profileinstaller:1.3.1] AndroidManifest.xml:41:17-91
127-->[androidx.profileinstaller:profileinstaller:1.3.1] AndroidManifest.xml:41:25-88
128            </intent-filter>
129            <intent-filter>
129-->[androidx.profileinstaller:profileinstaller:1.3.1] AndroidManifest.xml:43:13-45:29
130                <action android:name="androidx.profileinstaller.action.SKIP_FILE" />
130-->[androidx.profileinstaller:profileinstaller:1.3.1] AndroidManifest.xml:44:17-85
130-->[androidx.profileinstaller:profileinstaller:1.3.1] AndroidManifest.xml:44:25-82
131            </intent-filter>
132            <intent-filter>
132-->[androidx.profileinstaller:profileinstaller:1.3.1] AndroidManifest.xml:46:13-48:29
133                <action android:name="androidx.profileinstaller.action.SAVE_PROFILE" />
133-->[androidx.profileinstaller:profileinstaller:1.3.1] AndroidManifest.xml:47:17-88
133-->[androidx.profileinstaller:profileinstaller:1.3.1] AndroidManifest.xml:47:25-85
134            </intent-filter>
135            <intent-filter>
135-->[androidx.profileinstaller:profileinstaller:1.3.1] AndroidManifest.xml:49:13-51:29
136                <action android:name="androidx.profileinstaller.action.BENCHMARK_OPERATION" />
136-->[androidx.profileinstaller:profileinstaller:1.3.1] AndroidManifest.xml:50:17-95
136-->[androidx.profileinstaller:profileinstaller:1.3.1] AndroidManifest.xml:50:25-92
137            </intent-filter>
138        </receiver>
139    </application>
140
141</manifest>